<?xml version="1.0" encoding="UTF-8"?>
<testng-results ignored="0" total="1" passed="1" failed="0" skipped="0">
  <reporter-output>
  </reporter-output>
  <suite started-at="2022-01-09T14:25:15Z" name="Default suite" finished-at="2022-01-09T14:26:47Z" duration-ms="92410">
    <groups>
    </groups>
    <test started-at="2022-01-09T14:25:15Z" name="Default test" finished-at="2022-01-09T14:26:47Z" duration-ms="92410">
      <class name="amazon.RegistrationPage">
        <test-method signature="registraion()[pri:0, instance:amazon.RegistrationPage@37e4d7bb]" started-at="2022-01-09T19:55:15Z" name="registraion" finished-at="2022-01-09T19:56:47Z" duration-ms="92367" status="PASS">
          <reporter-output>
          </reporter-output>
        </test-method> <!-- registraion -->
      </class> <!-- amazon.RegistrationPage -->
    </test> <!-- Default test -->
  </suite> <!-- Default suite -->
</testng-results>
